Traceback (most recent call last):
  File "/home/runner/work/flekspy/flekspy/.venv/lib/python3.13/site-packages/jupyter_core/utils/__init__.py", line 154, in wrapped
    asyncio.get_running_loop()
    ~~~~~~~~~~~~~~~~~~~~~~~~^^
RuntimeError: no running event loop

During handling of the above exception, another exception occurred:

Traceback (most recent call last):
  File "/home/runner/work/flekspy/flekspy/.venv/lib/python3.13/site-packages/jupyter_cache/executors/utils.py", line 58, in single_nb_execution
    executenb(
    ~~~~~~~~~^
        nb,
        ^^^
    ...<4 lines>...
        **kwargs,
        ^^^^^^^^^
    )
    ^
  File "/home/runner/work/flekspy/flekspy/.venv/lib/python3.13/site-packages/nbclient/client.py", line 1319, in execute
    return NotebookClient(nb=nb, resources=resources, km=km, **kwargs).execute()
           ~~~~~~~~~~~~~~~~~~~~~~~~~~~~~~~~~~~~~~~~~~~~~~~~~~~~~~~~~~~~~~~~~~~^^
  File "/home/runner/work/flekspy/flekspy/.venv/lib/python3.13/site-packages/jupyter_core/utils/__init__.py", line 158, in wrapped
    return loop.run_until_complete(inner)
           ~~~~~~~~~~~~~~~~~~~~~~~^^^^^^^
  File "/home/runner/.local/share/uv/python/cpython-3.13.5-linux-x86_64-gnu/lib/python3.13/asyncio/base_events.py", line 725, in run_until_complete
    return future.result()
           ~~~~~~~~~~~~~^^
  File "/home/runner/work/flekspy/flekspy/.venv/lib/python3.13/site-packages/nbclient/client.py", line 709, in async_execute
    await self.async_execute_cell(
        cell, index, execution_count=self.code_cells_executed + 1
    )
  File "/home/runner/work/flekspy/flekspy/.venv/lib/python3.13/site-packages/nbclient/client.py", line 1062, in async_execute_cell
    await self._check_raise_for_error(cell, cell_index, exec_reply)
  File "/home/runner/work/flekspy/flekspy/.venv/lib/python3.13/site-packages/nbclient/client.py", line 918, in _check_raise_for_error
    raise CellExecutionError.from_cell_and_msg(cell, exec_reply_content)
nbclient.exceptions.CellExecutionError: An error occurred while executing the following cell:
------------------
ds = flekspy.load("data/fleks_particle_small/3d*amrex")
dc = ds.get_slice("z", 0.001)

f, axes = dc.plot(
    "Bx<(1.5e4)>(-1.5e4) ({rhos0}+{rhos1})<(1.3e21) pS0 uxs0", figsize=(12, 8)
)
dc.add_stream(axes[0], "Bx", "By", color="w")
dc.add_contour(axes[1], "Bx")
------------------

----- stderr -----
yt : [INFO     ] 2025-07-23 16:19:32,804 Parameters: current_time              = 40.0
----- stderr -----
yt : [INFO     ] 2025-07-23 16:19:32,804 Parameters: domain_dimensions         = [16  8  6]
----- stderr -----
yt : [INFO     ] 2025-07-23 16:19:32,805 Parameters: domain_left_edge          = [-0.0064 -0.0032 -0.0024]
----- stderr -----
yt : [INFO     ] 2025-07-23 16:19:32,806 Parameters: domain_right_edge         = [0.0064 0.0032 0.0024]
----- stdout -----
result=(self.get_variable('rhos0',unit)+self.get_variable('rhos1',unit))
------------------

[31m---------------------------------------------------------------------------[39m
[31mKeyError[39m                                  Traceback (most recent call last)
[36mCell[39m[36m [39m[32mIn[2][39m[32m, line 4[39m
[32m      1[39m ds = flekspy.load([33m"[39m[33mdata/fleks_particle_small/3d*amrex[39m[33m"[39m)
[32m      2[39m dc = ds.get_slice([33m"[39m[33mz[39m[33m"[39m, [32m0.001[39m)
[32m----> [39m[32m4[39m f, axes = [43mdc[49m[43m.[49m[43mplot[49m[43m([49m
[32m      5[39m [43m    [49m[33;43m"[39;49m[33;43mBx<(1.5e4)>(-1.5e4) ([39;49m[38;5;132;43;01m{rhos0}[39;49;00m[33;43m+[39;49m[38;5;132;43;01m{rhos1}[39;49;00m[33;43m)<(1.3e21) pS0 uxs0[39;49m[33;43m"[39;49m[43m,[49m[43m [49m[43mfigsize[49m[43m=[49m[43m([49m[32;43m12[39;49m[43m,[49m[43m [49m[32;43m8[39;49m[43m)[49m
[32m      6[39m [43m)[49m
[32m      7[39m dc.add_stream(axes[[32m0[39m], [33m"[39m[33mBx[39m[33m"[39m, [33m"[39m[33mBy[39m[33m"[39m, color=[33m"[39m[33mw[39m[33m"[39m)
[32m      8[39m dc.add_contour(axes[[32m1[39m], [33m"[39m[33mBx[39m[33m"[39m)

[36mFile [39m[32m~/work/flekspy/flekspy/src/flekspy/util/data_container.py:378[39m, in [36mDataContainer2D.plot[39m[34m(self, vars, xlim, ylim, unit, nlevels, cmap, figsize, f, axes, pcolor, logscale, addgrid, bottomline, showcolorbar, *args, **kwargs)[39m
[32m    375[39m axes = axes.reshape(-[32m1[39m)
[32m    377[39m [38;5;28;01mfor[39;00m isub, ax [38;5;129;01min[39;00m [38;5;28mzip[39m([38;5;28mrange[39m(nvar), axes):
[32m--> [39m[32m378[39m     ytVar = [38;5;28;43mself[39;49m[43m.[49m[43mevaluate_expression[49m[43m([49m[43mvarNames[49m[43m[[49m[43misub[49m[43m][49m[43m,[49m[43m [49m[43munit[49m[43m)[49m
[32m    379[39m     v = ytVar
[32m    380[39m     varUnit = [33m"[39m[33mdimensionless[39m[33m"[39m

[36mFile [39m[32m~/work/flekspy/flekspy/src/flekspy/util/data_container.py:134[39m, in [36mDataContainer.evaluate_expression[39m[34m(self, expression, unit)[39m
[32m    131[39m [38;5;28mprint[39m(exp2)
[32m    132[39m exec(exp2)
[32m--> [39m[32m134[39m [38;5;28;01mreturn[39;00m [38;5;28;43mlocals[39;49m[43m([49m[43m)[49m[43m[[49m[33;43m"[39;49m[33;43mresult[39;49m[33;43m"[39;49m[43m][49m

[31mKeyError[39m: 'result'

